<?xml version="1.0" encoding="UTF-8"?>
<testsuite xmlns:xsi="http://www.w3.org/2001/XMLSchema-instance" xsi:schemaLocation="https://maven.apache.org/surefire/maven-surefire-plugin/xsd/surefire-test-report.xsd" name="simongame.TestGameDomain" time="0" tests="1" errors="1" skipped="0" failures="0">
  <properties>
[...]
</properties>
  <testcase name="currentGameDataTest" classname="simongame.TestGameDomain" time="0">
    <error message="Instruction type does not match stack map&#10;Exception Details:&#10;  Location:&#10;    domain/Game.getPlayersThatHaveNotLost()Ljava/util/ArrayList; @39: aload&#10;  Reason:&#10;    Type integer (current frame, locals[1]) is not assignable to &apos;java/util/ArrayList&apos; (stack map, locals[1])&#10;  Current Frame:&#10;    bci: @39&#10;    flags: { }&#10;    locals: { &apos;domain/Game&apos;, integer, integer, &apos;java/util/ArrayList&apos;, &apos;java/util/Iterator&apos; }&#10;    stack: { }&#10;  Stackmap Frame:&#10;    bci: @39&#10;    flags: { }&#10;    locals: { &apos;domain/Game&apos;, &apos;java/util/ArrayList&apos;, &apos;java/util/Iterator&apos; }&#10;    stack: { }&#10;  Bytecode:&#10;    0x0000000: 033c 11ff ff3d 1217 1100 24b8 001d bb00&#10;    0x0000010: 2159 b700 224e 1217 1100 25b8 001d 2ab4&#10;    0x0000020: 0024 b600 423a 0419 04b9 0048 0100 1100&#10;    0x0000030: 253c 1100 003d 9900 7a12 171b 1c04 b800&#10;    0x0000040: 4c11 ffff 3d19 04b9 0050 0100 c000 3b3a&#10;    0x0000050: 0512 1711 0026 b800 1d19 05b6 005d b600&#10;    0x0000060: 6211 0026 3c11 0000 3d9a 002c 1b11 0026&#10;    0x0000070: a000 161c 1100 00a0 000f 1217 1b1c 04b8&#10;    0x0000080: 004c 11ff ff3d 1217 1100 27b8 001d 2d19&#10;    0x0000090: 05b6 0066 571c 9b00 0f12 171b 1c03 b800&#10;    0x00000a0: 4c11 ffff 3d12 1711 0029 b800 1da7 ff7a&#10;    0x00000b0: 1c9b 000f 1217 1b1c 03b8 004c 11ff ff3d&#10;    0x00000c0: 1217 1100 2ab8 001d 2db0               &#10;  Stackmap Table:&#10;    append_frame(@39,Object[#33],Object[#68])&#10;    same_frame_extended(@173)&#10;    chop_frame(@200,1)&#10;" type="java.lang.VerifyError">java.lang.VerifyError: 
Instruction type does not match stack map
Exception Details:
  Location:
    domain/Game.getPlayersThatHaveNotLost()Ljava/util/ArrayList; @39: aload
  Reason:
    Type integer (current frame, locals[1]) is not assignable to 'java/util/ArrayList' (stack map, locals[1])
  Current Frame:
    bci: @39
    flags: { }
    locals: { 'domain/Game', integer, integer, 'java/util/ArrayList', 'java/util/Iterator' }
    stack: { }
  Stackmap Frame:
    bci: @39
    flags: { }
    locals: { 'domain/Game', 'java/util/ArrayList', 'java/util/Iterator' }
    stack: { }
  Bytecode:
    0x0000000: 033c 11ff ff3d 1217 1100 24b8 001d bb00
    0x0000010: 2159 b700 224e 1217 1100 25b8 001d 2ab4
    0x0000020: 0024 b600 423a 0419 04b9 0048 0100 1100
    0x0000030: 253c 1100 003d 9900 7a12 171b 1c04 b800
    0x0000040: 4c11 ffff 3d19 04b9 0050 0100 c000 3b3a
    0x0000050: 0512 1711 0026 b800 1d19 05b6 005d b600
    0x0000060: 6211 0026 3c11 0000 3d9a 002c 1b11 0026
    0x0000070: a000 161c 1100 00a0 000f 1217 1b1c 04b8
    0x0000080: 004c 11ff ff3d 1217 1100 27b8 001d 2d19
    0x0000090: 05b6 0066 571c 9b00 0f12 171b 1c03 b800
    0x00000a0: 4c11 ffff 3d12 1711 0029 b800 1da7 ff7a
    0x00000b0: 1c9b 000f 1217 1b1c 03b8 004c 11ff ff3d
    0x00000c0: 1217 1100 2ab8 001d 2db0               
  Stackmap Table:
    append_frame(@39,Object[#33],Object[#68])
    same_frame_extended(@173)
    chop_frame(@200,1)

	at simongame.TestGameDomain.currentGameDataTest(TestGameDomain.java:12)
</error>
  </testcase>
</testsuite>